0 info it worked if it ends with ok
1 verbose cli [ 'C:\\Program Files\\nodejs\\node.exe',
1 verbose cli   'C:\\Program Files\\nodejs\\node_modules\\npm\\bin\\npm-cli.js',
1 verbose cli   'start' ]
2 info using npm@3.10.10
3 info using node@v6.11.0
4 verbose run-script [ 'prestart', 'start', 'poststart' ]
5 info lifecycle pcmongallet@1.0.0~prestart: pcmongallet@1.0.0
6 silly lifecycle pcmongallet@1.0.0~prestart: no script for prestart, continuing
7 info lifecycle pcmongallet@1.0.0~start: pcmongallet@1.0.0
8 verbose lifecycle pcmongallet@1.0.0~start: unsafe-perm in lifecycle true
9 verbose lifecycle pcmongallet@1.0.0~start: PATH: C:\Program Files\nodejs\node_modules\npm\bin\node-gyp-bin;C:\Users\Melchior\Desktop\PCMONGALLET\node_modules\.bin;C:\jet12.0-eval-x86\bin;C:\Program Files (x86)\Intel\iCLS Client\;C:\Program Files\Intel\iCLS Client\;C:\WINDOWS\system32;C:\WINDOWS;C:\WINDOWS\System32\Wbem;C:\WINDOWS\System32\WindowsPowerShell\v1.0\;C:\Program Files (x86)\Intel\Intel(R) Management Engine Components\DAL;C:\Program Files\Intel\Intel(R) Management Engine Components\DAL;C:\Program Files (x86)\Intel\Intel(R) Management Engine Components\IPT;C:\Program Files\Intel\Intel(R) Management Engine Components\IPT;c:\Program Files\Intel\WiFi\bin\;c:\Program Files\Common Files\Intel\WirelessCommon\;C:\Program Files\nodejs\;C:\Program Files (x86)\Yarn\bin;C:\Program Files (x86)\Brackets\command;C:\Go\bin;C:\Program Files\MySQL\MySQL Utilities 1.6\;C:\Program Files\Git\cmd;C:\Users\Melchior\AppData\Local\Microsoft\WindowsApps;C:\Users\Melchior\AppData\Roaming\npm;C:\Users\Melchior\AppData\Local\Yarn\bin;C:\Users\Melchior\AppData\Local\GitHubDesktop\bin;C:\Program Files\Heroku\bin
10 verbose lifecycle pcmongallet@1.0.0~start: CWD: C:\Users\Melchior\Desktop\PCMONGALLET
11 silly lifecycle pcmongallet@1.0.0~start: Args: [ '/d /s /c', 'node index.js' ]
12 silly lifecycle pcmongallet@1.0.0~start: Returned: code: 1  signal: null
13 info lifecycle pcmongallet@1.0.0~start: Failed to exec start script
14 verbose stack Error: pcmongallet@1.0.0 start: `node index.js`
14 verbose stack Exit status 1
14 verbose stack     at EventEmitter.<anonymous> (C:\Program Files\nodejs\node_modules\npm\lib\utils\lifecycle.js:255:16)
14 verbose stack     at emitTwo (events.js:106:13)
14 verbose stack     at EventEmitter.emit (events.js:191:7)
14 verbose stack     at ChildProcess.<anonymous> (C:\Program Files\nodejs\node_modules\npm\lib\utils\spawn.js:40:14)
14 verbose stack     at emitTwo (events.js:106:13)
14 verbose stack     at ChildProcess.emit (events.js:191:7)
14 verbose stack     at maybeClose (internal/child_process.js:891:16)
14 verbose stack     at Process.ChildProcess._handle.onexit (internal/child_process.js:226:5)
15 verbose pkgid pcmongallet@1.0.0
16 verbose cwd C:\Users\Melchior\Desktop\PCMONGALLET
17 error Windows_NT 10.0.15063
18 error argv "C:\\Program Files\\nodejs\\node.exe" "C:\\Program Files\\nodejs\\node_modules\\npm\\bin\\npm-cli.js" "start"
19 error node v6.11.0
20 error npm  v3.10.10
21 error code ELIFECYCLE
22 error pcmongallet@1.0.0 start: `node index.js`
22 error Exit status 1
23 error Failed at the pcmongallet@1.0.0 start script 'node index.js'.
23 error Make sure you have the latest version of node.js and npm installed.
23 error If you do, this is most likely a problem with the pcmongallet package,
23 error not with npm itself.
23 error Tell the author that this fails on your system:
23 error     node index.js
23 error You can get information on how to open an issue for this project with:
23 error     npm bugs pcmongallet
23 error Or if that isn't available, you can get their info via:
23 error     npm owner ls pcmongallet
23 error There is likely additional logging output above.
24 verbose exit [ 1, true ]
